Arguments: 
  /opt/homebrew/Cellar/node/18.7.0/bin/node /opt/homebrew/Cellar/yarn/1.22.19/libexec/bin/yarn.js build --watch

PATH: 
  /Users/qasimalizahid/.rvm/gems/ruby-3.0.0/bin:/Users/qasimalizahid/.rvm/gems/ruby-3.0.0@global/bin:/Users/qasimalizahid/.rvm/rubies/ruby-3.0.0/bin:/Users/qasimalizahid/.rvm/bin:/opt/homebrew/bin:/opt/homebrew/sbin:/usr/local/bin:/usr/bin:/bin:/usr/sbin:/sbin:/Library/Apple/usr/bin

Yarn version: 
  1.22.19

Node version: 
  18.7.0

Platform: 
  darwin arm64

Trace: 
  SyntaxError: /Users/qasimalizahid/Pratice/quote-editor/package.json: Unexpected token } in JSON at position 208
      at JSON.parse (<anonymous>)
      at /opt/homebrew/Cellar/yarn/1.22.19/libexec/lib/cli.js:1629:59
      at Generator.next (<anonymous>)
      at step (/opt/homebrew/Cellar/yarn/1.22.19/libexec/lib/cli.js:310:30)
      at /opt/homebrew/Cellar/yarn/1.22.19/libexec/lib/cli.js:321:13

npm manifest: 
  {
    "name": "app",
    "private": "true",
    "scripts":
    {
      "build:css": "sass ./app/assets/stylesheets/application.sass.scss:./app/assets/builds/application.css --no-source-map --load-path=node_modules",
    }
  
  }

yarn manifest: 
  No manifest

Lockfile: 
  No lockfile
